Arguments: 
  C:\Program Files\nodejs\node.exe C:\Users\Administrator\AppData\Roaming\npm\node_modules\yarn\bin\yarn.js add -D webpack-cli

PATH: 
  C:\Windows\system32;C:\Windows;C:\Windows\System32\Wbem;C:\Windows\System32\WindowsPowerShell\v1.0\;C:\Program Files\Git\cmd;d:\Program Files\Microsoft VS Code\bin;C:\Program Files\TortoiseSVN\bin;C:\Program Files\nodejs\;D:\Program Files\MongoDB\Server\4.0\bin;d:\Program Files\Microsoft VS Code\bin;C:\Program Files\Java\jdk1.8.0_111\bin;d:\Program Files\JetBrains\WebStorm 2018.3\bin;C:\Users\Administrator\AppData\Local\BypassRuntm;C:\Users\Administrator\AppData\Roaming\npm;C:\Users\Administrator\AppData\Local\atom\bin

Yarn version: 
  1.17.3

Node version: 
  10.15.3

Platform: 
  win32 x64

Trace: 
  Error: ENOENT: no such file or directory, copyfile 'C:\Users\Administrator\AppData\Local\Yarn\Cache\v4\npm-inherits-2.0.1-b17d08d326b4423e568eff719f91b0b1cbdf69f1\node_modules\inherits\inherits_browser.js' -> 'E:\temp\chapter1\node_modules\assert\node_modules\inherits\inherits_browser.js'

npm manifest: 
  {
    "name": "chapter1",
    "version": "1.0.0",
    "description": "",
    "main": "index.js",
    "scripts": {
      "test": "echo \"Error: no test specified\" && exit 1",
      "dev":"webpack-dev-server --config ./webpack.dev.config.js",
      "build": "webpack --config ./webpack.dev.config.js --mode development"
    },
    "keywords": [],
    "author": "",
    "license": "ISC",
    "devDependencies": {
      "html-webpack-plugin": "^3.2.0",
      "webpack": "^4.38.0",
      "webpack-cli": "^3.3.6",
      "webpack-dev-server": "^3.7.2"
    }
  }

yarn manifest: 
  No manifest

Lockfile: 
  No lockfile
